Container has 20 elements
1. "qkdfqoIYSR8Kn5Scv vscceH7zlCHAn62", Hash=88.0606; Replacements: 29 (0-e 8-L d-M t-P z-f 5-W 2-z W-s C-q p-v M-E Z-k c-K V-Y N-N k-o l-9 Q-I r-H v-6 i-Q K-5 H-C A-J o-0 L-b R-d h-w u-F); Result: "qoMfq0IYSdL5nWSK6 6sKKeC7f9qCJn6z"
2. "opLrs5Q1WRYpWWjvv3UUdEs1f4VYmRIy IW9UeQ8gQy 2xsZ", Hash=86.4375; Replacements: 10 (Q-r c-l u-W g-8 6-0 D-D b-a i-H 8-e p-u); Result: "ouLrs5r1WRYuWWjvv3UUdEs1f4VYmRIy IW9Uere8ry 2xsZ"
3. "tYsASRqfV6wg2 hhxAPZLlfYbsttGCq9", Hash=90.625; Replacements: 60 (P-R f-i H-z V-T s-E W-n C-C Q-p U-s m-M l-5 z-G B-o E-F k-l 4-f K-Q N-N 8-q O-A 0-b 6-V a-h 5-Z q-u n-X L-O A-9  -6 c-P o-c j-H i-k e-U S-3 g-B x-S y-t Z-K F-v 3-j I-a 1-L p-m J-7 D-w R-0 7-4 X-Y T-1 t-J r-y 2-D G-I w-W h-  u-x 9-2 v-r d-e); Result: "JYE930uiTVWBD6  S9RKO5iYbEJJICu2"
4. "kPIyL4ehZ6RGXbPFw24nq292HSQ8DW1cspLunUfiIG4", Hash=82.814; Replacements: 40 (Q-H O-W e-F A-A F-Q 3-Y m-q x-x a-6 T-5 t-z 8-Z o-R K-f p-E P-0 f-8 Z-g d-O L-y u-d h-o w-9 B-P z-k G-4 i-h 4-b 2-V 6-j C-U 0-B U-3 R-u S-w s-L g-N 5-a D-G E-C); Result: "k0IyybFogju4Xb0Q9VbnqV9VHwHZGW1cLEydn38hI4b"
5. "ITw25rbXOL5", Hash=80.6364; Replacements: 57 (g-n D-c h-g H-O v-x F-0 Y-N w-z q-3 N-G a-i O-l V-k n-F 8-R 0-t 3-9 p-q f-h o-Z B-a G-e 6-V L-4 s-r u-o z-Y k-T m-6 d-j r-  X-J i-H 1-X T-2 A-A 9-y I-Q x-M y-v t-s Z-d S-f W-D K-p U-K 5-8 E-b 4-P M-5  -m Q-u C-I R-7 c-L 7-B e-C); Result: "Q2z28 bJl48"
6. "midiIm3ofCotjzd7PwtrAAq7kPDTNZjGV6zyF7dlGrG UG", Hash=89.413; Replacements: 22 (R-J m-R e-t E-c T-X J-I q-K I-u 9-Y w-o z-B h-h 2-W F-p O-z g-U A-n 0-k V-V b-9 s-s G-y); Result: "RidiuR3ofCotjBd7PotrnnK7kPDXNZjyV6Byp7dlyry Uy"
7. "OnBRd3cHKV2", Hash=79.0909; Replacements: 7 (B-9 v-5 b-F o-4 X-P t-Z h-E); Result: "On9Rd3cHKV2"
8. "9UeS6AQnHp3", Hash=79.1818; Replacements: 21 (d-j b-H e-e h-D 3-S 7-O X-f v-d 5-C Q-7 o-h w-g  -q n-K L-z H-W u-J 2-T F-A r-1 M-m); Result: "9UeS6A7KWpS"
9. "U3DJ8GN", Hash=69; Replacements: 28 (y-d j-Z g-N P-G i-u 6-4 U-A O-h T-k 2-B l-6 B-y S-9 G-S u-O b-2 s-n r-H 8-5 5-e F-Q m-V f-c 1-C H-R C-T W-x E-p); Result: "A3DJ5SN"
10. "eUmCGBWEZubjfRWm0Xku8 9tqLaul7y7WeY9iCsWiTmrhsnD", Hash=90.125; Replacements: 32 (5-3 M-v P-  b-4 x-g A-c l-B E-R 1-G s-z T-S 8-H q-9 G-d v-a g-L 6-k Y-U C-u J-r Q-m p-5 0-j  -Z X-C Z-x K-I y-V a-i 2-Y t-D k-A); Result: "eUmudBWRxu4jfRWmjCAuHZ9D9LiuB7V7WeU9iuzWiSmrhznD"
11. "fdol5JOLj93KOe9EnMpU9p1Lxy6pVcqj", Hash=87.0938; Replacements: 41 (r-C A-U 8-1 4-3 J-V 6-f H-Z W-n V-y g-K  -F 2-0 K-O B-e N-4 3-a C-t z-p L-d c-j 1-J P-  R-x o-P S-g f-B b-H u-A 5-i d-8 w-Y x-s X-l q-E 9-M U-2 p-L a-z O-N k-r v-6); Result: "B8PliVNdjMaONeMEnML2MLJdsyfLyjEj"
12. "n", Hash=110; Replacements: 31 (F-p K-n c-P 4-k U-N i-b e-t n-x G-c Z-g N-h 2-3 v-C a-  p-T  -v r-D q-e 1-S R-u 5-M h-J H-E O-Q m-4 l-9 u-V Q-W Y-K I-B S-Y); Result: "x"
13. "ZMloqnyTjcZ", Hash=100.818; Replacements: 41 (B-K m-w T-2 y-n Q-p j-B c-5 H-N 1-U t-f p-E D-M Y-C a-Q C-1 7-R 4-A F-8 3-S e-V g-J q-t  -c s-r 8-i k-7 v-g w-j S-d o-I N-m h-v 9-o l-b W-T b-4 U-z 2-Y x-h R-3 X-k); Result: "ZMbItnn2B5Z"
14. " f0tq8Am9R", Hash=78; Replacements: 37 (C-A V-B m-f q-b N-9 I-0 b-J w-t z-1 S-8 T-m 8-4 d-v  -K n-u t-U D-g O-c a-6 c-N s-p K-l A-e H-  2-q P-j G-L M-k y-5 X-2 h-R 4-3 9-I Z-G F-n r-S 7-a); Result: "Kf0Ub4efIR"
15. "4szTld7nYGfSUBYx4WsEj2aYG4Rrm AZkIkBrCdKCrL", Hash=85.9767; Replacements: 42 (n-T 6-Z W-R J-3 5-5 g-y l-v B-Y L-M G-P f-j 9-i M-0 X-n 4-u b-h x-C y-6 I-c A-N F-  i-t c-1 w-7 e-L 0-l O-s V-o U-9 7-p N-F Z-W 8-Q z-w v-K t-G s-f P-D E-m q-x d-U K-d); Result: "ufwTvUpTYPjS9YYCuRfmj2aYPuRrm NWkckYrCUdCrM"
16. "d CalNCnfNqHs8FvKYlqs3cyZM", Hash=89.2692; Replacements: 29 (x-o i-t e-1 S-G F-e a-P 7-F p-i h-C q-U 4-O R-3 g-j z-I 0-v r-L y-y f-D G-W Y-B u-b o-K U-S L-A 5-w H-E  -8 w-r 8-6); Result: "d8CPlNCnDNUEs6evKBlUs3cyZM"
17. "3 pEj9Hq6rCuwd sKYrMAKuOkUr6 dXVjCbLQKNQlI7FgZ9x 1jwPuAqVHR", Hash=83.8305; Replacements: 51 (D-f q-3 1-U w-5 z-W 8-k o-O p-F i-Z m-g N-c T-Q k-v F-8 X-m r-D B-1 u-N K-S P-b s-i O-Y e-h Y-6 a-r l-L 7-X M-y c-2 J-I W-  I-p U-l b-J t-j S-M g-B v-C 2-R 5-V 4-e 9-w Q-H h-4 Z-z E-T C-t V-o L-P 3-0 G-7); Result: "0 FTjwH36DtN5d iS6DyASNYvlD6 dmojtJPHScHLpX8Bzwx Uj5bNA3oHR"
18. "13NUKPouHmVA3IhfslMTWglCm5CVwZZwyd8GKjj1EZ2Xd", Hash=86.0222; Replacements: 63 (J-k N-o I-6 4-G z-u 5-C Y-J u-l 6-i w-U c-f 7-M p-1 o-x Z-E W-V b-4 y-Q M-j f-e Q-S X-X s-h t-c P-d 8-O q-R E-2 h-g x-y S-N V-r i-L  -q 9-5 m-s k-3 e-Y 2-t R-w L-A T-K j-7 d-m A-D D-0 r-F 3-B 0-H G-P H-8 a-p n-z v-T K-I 1-a l-v U-n C-  O-9 g-b B-Z F-W); Result: "aBonIdxl8srDB6gehvjKVbv sC rUEEUQmOPI77a2EtXm"
19. "kIKaHHtwlUdKdEIfAxPzaUbbtQ4wSFSAS3EtuXPS0CFgPXQe28mwFEgEj4MO", Hash=86.0167; Replacements: 17 ( -W y-z 5-8 8-6 d-p Y-s T-c E-4 t-i H-f m-V F-G i-S U-M 7-K N-a 4-3); Result: "kIKaffiwlMpKp4IfAxPzaMbbiQ3wSGSAS34iuXPS0CGgPXQe26VwG4g4j3MO"
20. "Yw22SK1kIEpnmrx86tHSozWvJGN53UtNmpSCTkqxhp2byFR6uXJNWWl", Hash=88.7091; Replacements: 32 (4-a A-t G-C f-U 2-  y-Z O-B h-i x-m B-5 6-j N-F 1-R E-Y R-k T-T S-q X-W C-w e-X a-n u-H 9-N s-M V-3 k-d J-y g-p i-1 F-K j-o U-9); Result: "Yw  qKRdIYpnmrm8jtHqozWvyCF539tFmpqwTdqmip bZKkjHWyFWWl"


Mean: 86.556029
Move Result: 
"opLrs5Q1WRYpWWjvv3UUdEs1f4VYmRIy IW9UeQ8gQy 2xsZ", Hash=86.4375; Replacements: 10 (Q-r c-l u-W g-8 6-0 D-D b-a i-H 8-e p-u); Result: "ouLrs5r1WRYuWWjvv3UUdEs1f4VYmRIy IW9Uere8ry 2xsZ"
"kPIyL4ehZ6RGXbPFw24nq292HSQ8DW1cspLunUfiIG4", Hash=82.814; Replacements: 40 (Q-H O-W e-F A-A F-Q 3-Y m-q x-x a-6 T-5 t-z 8-Z o-R K-f p-E P-0 f-8 Z-g d-O L-y u-d h-o w-9 B-P z-k G-4 i-h 4-b 2-V 6-j C-U 0-B U-3 R-u S-w s-L g-N 5-a D-G E-C); Result: "k0IyybFogju4Xb0Q9VbnqV9VHwHZGW1cLEydn38hI4b"
"ITw25rbXOL5", Hash=80.6364; Replacements: 57 (g-n D-c h-g H-O v-x F-0 Y-N w-z q-3 N-G a-i O-l V-k n-F 8-R 0-t 3-9 p-q f-h o-Z B-a G-e 6-V L-4 s-r u-o z-Y k-T m-6 d-j r-  X-J i-H 1-X T-2 A-A 9-y I-Q x-M y-v t-s Z-d S-f W-D K-p U-K 5-8 E-b 4-P M-5  -m Q-u C-I R-7 c-L 7-B e-C); Result: "Q2z28 bJl48"
"OnBRd3cHKV2", Hash=79.0909; Replacements: 7 (B-9 v-5 b-F o-4 X-P t-Z h-E); Result: "On9Rd3cHKV2"
"9UeS6AQnHp3", Hash=79.1818; Replacements: 21 (d-j b-H e-e h-D 3-S 7-O X-f v-d 5-C Q-7 o-h w-g  -q n-K L-z H-W u-J 2-T F-A r-1 M-m); Result: "9UeS6A7KWpS"
"U3DJ8GN", Hash=69; Replacements: 28 (y-d j-Z g-N P-G i-u 6-4 U-A O-h T-k 2-B l-6 B-y S-9 G-S u-O b-2 s-n r-H 8-5 5-e F-Q m-V f-c 1-C H-R C-T W-x E-p); Result: "A3DJ5SN"
" f0tq8Am9R", Hash=78; Replacements: 37 (C-A V-B m-f q-b N-9 I-0 b-J w-t z-1 S-8 T-m 8-4 d-v  -K n-u t-U D-g O-c a-6 c-N s-p K-l A-e H-  2-q P-j G-L M-k y-5 X-2 h-R 4-3 9-I Z-G F-n r-S 7-a); Result: "Kf0Ub4efIR"
"4szTld7nYGfSUBYx4WsEj2aYG4Rrm AZkIkBrCdKCrL", Hash=85.9767; Replacements: 42 (n-T 6-Z W-R J-3 5-5 g-y l-v B-Y L-M G-P f-j 9-i M-0 X-n 4-u b-h x-C y-6 I-c A-N F-  i-t c-1 w-7 e-L 0-l O-s V-o U-9 7-p N-F Z-W 8-Q z-w v-K t-G s-f P-D E-m q-x d-U K-d); Result: "ufwTvUpTYPjS9YYCuRfmj2aYPuRrm NWkckYrCUdCrM"
"3 pEj9Hq6rCuwd sKYrMAKuOkUr6 dXVjCbLQKNQlI7FgZ9x 1jwPuAqVHR", Hash=83.8305; Replacements: 51 (D-f q-3 1-U w-5 z-W 8-k o-O p-F i-Z m-g N-c T-Q k-v F-8 X-m r-D B-1 u-N K-S P-b s-i O-Y e-h Y-6 a-r l-L 7-X M-y c-2 J-I W-  I-p U-l b-J t-j S-M g-B v-C 2-R 5-V 4-e 9-w Q-H h-4 Z-z E-T C-t V-o L-P 3-0 G-7); Result: "0 FTjwH36DtN5d iS6DyASNYvlD6 dmojtJPHScHLpX8Bzwx Uj5bNA3oHR"
"13NUKPouHmVA3IhfslMTWglCm5CVwZZwyd8GKjj1EZ2Xd", Hash=86.0222; Replacements: 63 (J-k N-o I-6 4-G z-u 5-C Y-J u-l 6-i w-U c-f 7-M p-1 o-x Z-E W-V b-4 y-Q M-j f-e Q-S X-X s-h t-c P-d 8-O q-R E-2 h-g x-y S-N V-r i-L  -q 9-5 m-s k-3 e-Y 2-t R-w L-A T-K j-7 d-m A-D D-0 r-F 3-B 0-H G-P H-8 a-p n-z v-T K-I 1-a l-v U-n C-  O-9 g-b B-Z F-W); Result: "aBonIdxl8srDB6gehvjKVbv sC rUEEUQmOPI77a2EtXm"
"kIKaHHtwlUdKdEIfAxPzaUbbtQ4wSFSAS3EtuXPS0CFgPXQe28mwFEgEj4MO", Hash=86.0167; Replacements: 17 ( -W y-z 5-8 8-6 d-p Y-s T-c E-4 t-i H-f m-V F-G i-S U-M 7-K N-a 4-3); Result: "kIKaffiwlMpKp4IfAxPzaMbbiQ3wSGSAS34iuXPS0CGgPXQe26VwG4g4j3MO"
"qkdfqoIYSR8Kn5Scv vscceH7zlCHAn62", Hash=88.0606; Replacements: 29 (0-e 8-L d-M t-P z-f 5-W 2-z W-s C-q p-v M-E Z-k c-K V-Y N-N k-o l-9 Q-I r-H v-6 i-Q K-5 H-C A-J o-0 L-b R-d h-w u-F); Result: "qoMfq0IYSdL5nWSK6 6sKKeC7f9qCJn6z"
"tYsASRqfV6wg2 hhxAPZLlfYbsttGCq9", Hash=90.625; Replacements: 60 (P-R f-i H-z V-T s-E W-n C-C Q-p U-s m-M l-5 z-G B-o E-F k-l 4-f K-Q N-N 8-q O-A 0-b 6-V a-h 5-Z q-u n-X L-O A-9  -6 c-P o-c j-H i-k e-U S-3 g-B x-S y-t Z-K F-v 3-j I-a 1-L p-m J-7 D-w R-0 7-4 X-Y T-1 t-J r-y 2-D G-I w-W h-  u-x 9-2 v-r d-e); Result: "JYE930uiTVWBD6  S9RKO5iYbEJJICu2"
"midiIm3ofCotjzd7PwtrAAq7kPDTNZjGV6zyF7dlGrG UG", Hash=89.413; Replacements: 22 (R-J m-R e-t E-c T-X J-I q-K I-u 9-Y w-o z-B h-h 2-W F-p O-z g-U A-n 0-k V-V b-9 s-s G-y); Result: "RidiuR3ofCotjBd7PotrnnK7kPDXNZjyV6Byp7dlyry Uy"
"eUmCGBWEZubjfRWm0Xku8 9tqLaul7y7WeY9iCsWiTmrhsnD", Hash=90.125; Replacements: 32 (5-3 M-v P-  b-4 x-g A-c l-B E-R 1-G s-z T-S 8-H q-9 G-d v-a g-L 6-k Y-U C-u J-r Q-m p-5 0-j  -Z X-C Z-x K-I y-V a-i 2-Y t-D k-A); Result: "eUmudBWRxu4jfRWmjCAuHZ9D9LiuB7V7WeU9iuzWiSmrhznD"
"fdol5JOLj93KOe9EnMpU9p1Lxy6pVcqj", Hash=87.0938; Replacements: 41 (r-C A-U 8-1 4-3 J-V 6-f H-Z W-n V-y g-K  -F 2-0 K-O B-e N-4 3-a C-t z-p L-d c-j 1-J P-  R-x o-P S-g f-B b-H u-A 5-i d-8 w-Y x-s X-l q-E 9-M U-2 p-L a-z O-N k-r v-6); Result: "B8PliVNdjMaONeMEnML2MLJdsyfLyjEj"
"n", Hash=110; Replacements: 31 (F-p K-n c-P 4-k U-N i-b e-t n-x G-c Z-g N-h 2-3 v-C a-  p-T  -v r-D q-e 1-S R-u 5-M h-J H-E O-Q m-4 l-9 u-V Q-W Y-K I-B S-Y); Result: "x"
"ZMloqnyTjcZ", Hash=100.818; Replacements: 41 (B-K m-w T-2 y-n Q-p j-B c-5 H-N 1-U t-f p-E D-M Y-C a-Q C-1 7-R 4-A F-8 3-S e-V g-J q-t  -c s-r 8-i k-7 v-g w-j S-d o-I N-m h-v 9-o l-b W-T b-4 U-z 2-Y x-h R-3 X-k); Result: "ZMbItnn2B5Z"
"d CalNCnfNqHs8FvKYlqs3cyZM", Hash=89.2692; Replacements: 29 (x-o i-t e-1 S-G F-e a-P 7-F p-i h-C q-U 4-O R-3 g-j z-I 0-v r-L y-y f-D G-W Y-B u-b o-K U-S L-A 5-w H-E  -8 w-r 8-6); Result: "d8CPlNCnDNUEs6evKBlUs3cyZM"
"Yw22SK1kIEpnmrx86tHSozWvJGN53UtNmpSCTkqxhp2byFR6uXJNWWl", Hash=88.7091; Replacements: 32 (4-a A-t G-C f-U 2-  y-Z O-B h-i x-m B-5 6-j N-F 1-R E-Y R-k T-T S-q X-W C-w e-X a-n u-H 9-N s-M V-3 k-d J-y g-p i-1 F-K j-o U-9); Result: "Yw  qKRdIYpnmrm8jtHqozWvyCF539tFmpqwTdqmip bZKkjHWyFWWl"
